Determining if the pthread_create exist failed with the following output:
Change Dir: /opt/project/catkin_ws/build/CMakeFiles/CMakeTmp

Run Build Command:/usr/bin/make "cmTryCompileExec1409051811/fast"
/usr/bin/make -f CMakeFiles/cmTryCompileExec1409051811.dir/build.make CMakeFiles/cmTryCompileExec1409051811.dir/build
make[1]: Entering directory `/opt/project/catkin_ws/build/CMakeFiles/CMakeTmp'
/usr/bin/cmake -E cmake_progress_report /opt/project/catkin_ws/build/CMakeFiles/CMakeTmp/CMakeFiles 1
Building C object CMakeFiles/cmTryCompileExec1409051811.dir/CheckSymbolExists.c.o
/usr/bin/cc    -o CMakeFiles/cmTryCompileExec1409051811.dir/CheckSymbolExists.c.o   -c /opt/project/catkin_ws/build/CMakeFiles/CMakeTmp/CheckSymbolExists.c
Linking C executable cmTryCompileExec1409051811
/usr/bin/cmake -E cmake_link_script CMakeFiles/cmTryCompileExec1409051811.dir/link.txt --verbose=1
/usr/bin/cc       CMakeFiles/cmTryCompileExec1409051811.dir/CheckSymbolExists.c.o  -o cmTryCompileExec1409051811 -rdynamic 
CMakeFiles/cmTryCompileExec1409051811.dir/CheckSymbolExists.c.o: In function `main':
CheckSymbolExists.c:(.text+0xe): undefined reference to `pthread_create'
CheckSymbolExists.c:(.text+0x12): undefined reference to `pthread_create'
collect2: error: ld returned 1 exit status
make[1]: Leaving directory `/opt/project/catkin_ws/build/CMakeFiles/CMakeTmp'
make[1]: *** [cmTryCompileExec1409051811] Error 1
make: *** [cmTryCompileExec1409051811/fast] Error 2

File /opt/project/catkin_ws/build/CMakeFiles/CMakeTmp/CheckSymbolExists.c:
/* */
#include <pthread.h>

int main(int argc, char** argv)
{
  (void)argv;
#ifndef pthread_create
  return ((int*)(&pthread_create))[argc];
#else
  (void)argc;
  return 0;
#endif
}

Determining if the function pthread_create exists in the pthreads failed with the following output:
Change Dir: /opt/project/catkin_ws/build/CMakeFiles/CMakeTmp

Run Build Command:/usr/bin/make "cmTryCompileExec771851245/fast"
/usr/bin/make -f CMakeFiles/cmTryCompileExec771851245.dir/build.make CMakeFiles/cmTryCompileExec771851245.dir/build
make[1]: Entering directory `/opt/project/catkin_ws/build/CMakeFiles/CMakeTmp'
/usr/bin/cmake -E cmake_progress_report /opt/project/catkin_ws/build/CMakeFiles/CMakeTmp/CMakeFiles 1
Building C object CMakeFiles/cmTryCompileExec771851245.dir/CheckFunctionExists.c.o
/usr/bin/cc   -DCHECK_FUNCTION_EXISTS=pthread_create   -o CMakeFiles/cmTryCompileExec771851245.dir/CheckFunctionExists.c.o   -c /usr/share/cmake-2.8/Modules/CheckFunctionExists.c
Linking C executable cmTryCompileExec771851245
/usr/bin/cmake -E cmake_link_script CMakeFiles/cmTryCompileExec771851245.dir/link.txt --verbose=1
/usr/bin/cc   -DCHECK_FUNCTION_EXISTS=pthread_create    CMakeFiles/cmTryCompileExec771851245.dir/CheckFunctionExists.c.o  -o cmTryCompileExec771851245 -rdynamic -lpthreads 
/usr/bin/ld: cannot find -lpthreads
collect2: error: ld returned 1 exit status
make[1]: Leaving directory `/opt/project/catkin_ws/build/CMakeFiles/CMakeTmp'
make[1]: *** [cmTryCompileExec771851245] Error 1
make: *** [cmTryCompileExec771851245/fast] Error 2


